Arguments: 
  C:\Program Files\nodejs\node.exe C:\Users\Nazmul Huda\AppData\Roaming\npm\node_modules\yarn\bin\yarn.js add -d eslint pritter

PATH: 
  C:\Users\Nazmul Huda\bin;C:\Program Files\Git\mingw64\bin;C:\Program Files\Git\usr\local\bin;C:\Program Files\Git\usr\bin;C:\Program Files\Git\usr\bin;C:\Program Files\Git\mingw64\bin;C:\Program Files\Git\usr\bin;C:\Users\Nazmul Huda\bin;C:\WINDOWS\system32;C:\WINDOWS;C:\WINDOWS\System32\Wbem;C:\WINDOWS\System32\WindowsPowerShell\v1.0;C:\WINDOWS\System32\OpenSSH;C:\xampp\php;C:\ProgramData\ComposerSetup\bin;C:\Program Files\dotnet;C:\Program Files\Git\cmd;C:\Users\Nazmul Huda\AppData\Roaming\nvm;C:\Program Files\nodejs;C:\ProgramData\chocolatey\bin;C:\Program Files\OpenJDK\openjdk-11.0.13_8\bin;C:\Users\Nazmul Huda\AppData\Local\Android\Sdk\platform-tools;C:\Users\Nazmul Huda\AppData\Local\Microsoft\WindowsApps;C:\Users\Nazmul Huda\AppData\Local\Programs\Microsoft VS Code\bin;C:\Users\Nazmul Huda\AppData\Roaming\Composer\vendor\bin;C:\Users\Nazmul Huda\.dotnet\tools;C:\Program Files\MongoDB\Server\4.4\bin;C:\Program Files\heroku\bin;C:\Users\Nazmul Huda\AppData\Roaming\npm;C:\Users\Nazmul Huda\AppData\Roaming\nvm;C:\Program Files\nodejs;C:\xampp\mysql\bin;C:\Users\Nazmul Huda\AppData\Local\Android\Sdk\platform-tools;C:\Program Files\Git\usr\bin\vendor_perl;C:\Program Files\Git\usr\bin\core_perl

Yarn version: 
  1.22.10

Node version: 
  16.11.1

Platform: 
  win32 x64

Trace: 
  Error: https://registry.yarnpkg.com/pritter: Not found
      at Request.params.callback [as _callback] (C:\Users\Nazmul Huda\AppData\Roaming\npm\node_modules\yarn\lib\cli.js:66988:18)
      at Request.self.callback (C:\Users\Nazmul Huda\AppData\Roaming\npm\node_modules\yarn\lib\cli.js:140662:22)
      at Request.emit (node:events:390:28)
      at Request.<anonymous> (C:\Users\Nazmul Huda\AppData\Roaming\npm\node_modules\yarn\lib\cli.js:141634:10)
      at Request.emit (node:events:390:28)
      at IncomingMessage.<anonymous> (C:\Users\Nazmul Huda\AppData\Roaming\npm\node_modules\yarn\lib\cli.js:141556:12)
      at Object.onceWrapper (node:events:509:28)
      at IncomingMessage.emit (node:events:402:35)
      at endReadableNT (node:internal/streams/readable:1343:12)
      at processTicksAndRejections (node:internal/process/task_queues:83:21)

npm manifest: 
  {
    "name": "rawnodepractice",
    "version": "1.0.0",
    "description": "Raw Nodejs Practice Projects",
    "main": "server.js",
    "scripts": {
      "test": "echo \"Error: no test specified\" && exit 1"
    },
    "author": "Nazmul Huda",
    "license": "ISC"
  }

yarn manifest: 
  No manifest

Lockfile: 
  No lockfile
